----------------------Start-----------------------
g -> [07/02/17 07/02/17 - 8.988380432128906e-05 - 1]
----------------------Start-----------------------
----------------------Start-----------------------
f -> [07/02/17 07/02/17 - 0.00017189979553222656 - 1]
f -> [07/02/17 07/02/17 - 0.00017189979553222656 - 1]
f -> [07/02/17 07/02/17 - 0.0002148151397705078 - 2]
f -> [07/02/17 07/02/17 - 0.0002148151397705078 - 2]
g -> [07/02/17 07/02/17 - 0.00017714500427246094 - 1]
g -> [07/02/17 07/02/17 - 0.00017714500427246094 - 1]
g -> [07/02/17 07/02/17 - 0.00016999244689941406 - 2]
g -> [07/02/17 07/02/17 - 0.00016999244689941406 - 2]
f -> [07/02/17 07/02/17 - 0.00016808509826660156 - 3]
f -> [07/02/17 07/02/17 - 0.00016808509826660156 - 3]
g -> [07/02/17 07/02/17 - 0.00015306472778320312 - 3]
g -> [07/02/17 07/02/17 - 0.00015306472778320312 - 3]
f -> [07/02/17 07/02/17 - 0.0001621246337890625 - 4]
f -> [07/02/17 07/02/17 - 0.0001621246337890625 - 4]
f -> [07/02/17 07/02/17 - 0.0004439353942871094 - 5]
f -> [07/02/17 07/02/17 - 0.0004439353942871094 - 5]
f -> [07/02/17 07/02/17 - 0.0003352165222167969 - 6]
f -> [07/02/17 07/02/17 - 0.0003352165222167969 - 6]
f -> [07/02/17 07/02/17 - 0.0001709461212158203 - 7]
f -> [07/02/17 07/02/17 - 0.0001709461212158203 - 7]
f -> [07/02/17 07/02/17 - 0.00017499923706054688 - 8]
f -> [07/02/17 07/02/17 - 0.00017499923706054688 - 8]
f -> [07/02/17 07/02/17 - 0.0004401206970214844 - 9]
f -> [07/02/17 07/02/17 - 0.0004401206970214844 - 9]
g -> [07/02/17 07/02/17 - 0.00017404556274414062 - 4]
g -> [07/02/17 07/02/17 - 0.00017404556274414062 - 4]
f -> [07/02/17 07/02/17 - 0.00021004676818847656 - 10]
f -> [07/02/17 07/02/17 - 0.00021004676818847656 - 10]
g -> [07/02/17 07/02/17 - 0.0004000663757324219 - 5]
g -> [07/02/17 07/02/17 - 0.0004000663757324219 - 5]
g -> [07/02/17 07/02/17 - 0.000164031982421875 - 6]
g -> [07/02/17 07/02/17 - 0.000164031982421875 - 6]
g -> [07/02/17 07/02/17 - 0.0001690387725830078 - 7]
g -> [07/02/17 07/02/17 - 0.0001690387725830078 - 7]
f -> [07/02/17 07/02/17 - 0.00015211105346679688 - 11]
f -> [07/02/17 07/02/17 - 0.00015211105346679688 - 11]
f -> [07/02/17 07/02/17 - 0.0003941059112548828 - 12]
f -> [07/02/17 07/02/17 - 0.0003941059112548828 - 12]
g -> [07/02/17 07/02/17 - 0.00019288063049316406 - 8]
g -> [07/02/17 07/02/17 - 0.00019288063049316406 - 8]
g -> [07/02/17 07/02/17 - 0.0001659393310546875 - 9]
g -> [07/02/17 07/02/17 - 0.0001659393310546875 - 9]
g -> [07/02/17 07/02/17 - 0.00030303001403808594 - 10]
g -> [07/02/17 07/02/17 - 0.00030303001403808594 - 10]
g -> [07/02/17 07/02/17 - 0.00012087821960449219 - 11]
g -> [07/02/17 07/02/17 - 0.00012087821960449219 - 11]
f -> [07/02/17 07/02/17 - 0.00020003318786621094 - 13]
f -> [07/02/17 07/02/17 - 0.00020003318786621094 - 13]
g -> [07/02/17 07/02/17 - 0.0005519390106201172 - 12]
g -> [07/02/17 07/02/17 - 0.0005519390106201172 - 12]
g -> [07/02/17 07/02/17 - 0.00017595291137695312 - 13]
g -> [07/02/17 07/02/17 - 0.00017595291137695312 - 13]
g -> [07/02/17 07/02/17 - 0.0001628398895263672 - 14]
g -> [07/02/17 07/02/17 - 0.0001628398895263672 - 14]
f -> [07/02/17 07/02/17 - 0.0004940032958984375 - 14]
f -> [07/02/17 07/02/17 - 0.0004940032958984375 - 14]
g -> [07/02/17 07/02/17 - 0.00017499923706054688 - 15]
g -> [07/02/17 07/02/17 - 0.00017499923706054688 - 15]
g -> [07/02/17 07/02/17 - 9.298324584960938e-05 - 16]
g -> [07/02/17 07/02/17 - 9.298324584960938e-05 - 16]
f -> [07/02/17 07/02/17 - 0.0002567768096923828 - 15]
f -> [07/02/17 07/02/17 - 0.0002567768096923828 - 15]
f -> [07/02/17 07/02/17 - 0.0002548694610595703 - 16]
f -> [07/02/17 07/02/17 - 0.0002548694610595703 - 16]
f -> [07/02/17 07/02/17 - 0.00017714500427246094 - 17]
f -> [07/02/17 07/02/17 - 0.00017714500427246094 - 17]
f -> [07/02/17 07/02/17 - 0.0001819133758544922 - 18]
f -> [07/02/17 07/02/17 - 0.0001819133758544922 - 18]
f -> [07/02/17 07/02/17 - 0.00016999244689941406 - 19]
f -> [07/02/17 07/02/17 - 0.00016999244689941406 - 19]
----------------------Start-----------------------
----------------------Start-----------------------
----------------------Start-----------------------
f -> [07/02/17 07/02/17 - 0.00035500526428222656 - 1]
f -> [07/02/17 07/02/17 - 0.00035500526428222656 - 1]
f -> [07/02/17 07/02/17 - 0.00035500526428222656 - 1]
f -> [07/02/17 07/02/17 - 0.00029397010803222656 - 2]
f -> [07/02/17 07/02/17 - 0.00029397010803222656 - 2]
f -> [07/02/17 07/02/17 - 0.00029397010803222656 - 2]
g -> [07/02/17 07/02/17 - 0.0006999969482421875 - 1]
g -> [07/02/17 07/02/17 - 0.0006999969482421875 - 1]
g -> [07/02/17 07/02/17 - 0.0006999969482421875 - 1]
f -> [07/02/17 07/02/17 - 0.00022792816162109375 - 3]
f -> [07/02/17 07/02/17 - 0.00022792816162109375 - 3]
f -> [07/02/17 07/02/17 - 0.00022792816162109375 - 3]
f -> [07/02/17 07/02/17 - 0.0001819133758544922 - 4]
f -> [07/02/17 07/02/17 - 0.0001819133758544922 - 4]
f -> [07/02/17 07/02/17 - 0.0001819133758544922 - 4]
f -> [07/02/17 07/02/17 - 0.0002460479736328125 - 5]
f -> [07/02/17 07/02/17 - 0.0002460479736328125 - 5]
f -> [07/02/17 07/02/17 - 0.0002460479736328125 - 5]
g -> [07/02/17 07/02/17 - 0.00017213821411132812 - 2]
g -> [07/02/17 07/02/17 - 0.00017213821411132812 - 2]
g -> [07/02/17 07/02/17 - 0.00017213821411132812 - 2]
g -> [07/02/17 07/02/17 - 0.0002739429473876953 - 3]
g -> [07/02/17 07/02/17 - 0.0002739429473876953 - 3]
g -> [07/02/17 07/02/17 - 0.0002739429473876953 - 3]
f -> [07/02/17 07/02/17 - 0.00016808509826660156 - 6]
f -> [07/02/17 07/02/17 - 0.00016808509826660156 - 6]
f -> [07/02/17 07/02/17 - 0.00016808509826660156 - 6]
f -> [07/02/17 07/02/17 - 0.0002090930938720703 - 7]
f -> [07/02/17 07/02/17 - 0.0002090930938720703 - 7]
f -> [07/02/17 07/02/17 - 0.0002090930938720703 - 7]
g -> [07/02/17 07/02/17 - 0.0001850128173828125 - 4]
g -> [07/02/17 07/02/17 - 0.0001850128173828125 - 4]
g -> [07/02/17 07/02/17 - 0.0001850128173828125 - 4]
g -> [07/02/17 07/02/17 - 0.0004291534423828125 - 5]
g -> [07/02/17 07/02/17 - 0.0004291534423828125 - 5]
g -> [07/02/17 07/02/17 - 0.0004291534423828125 - 5]
f -> [07/02/17 07/02/17 - 0.00017786026000976562 - 8]
f -> [07/02/17 07/02/17 - 0.00017786026000976562 - 8]
f -> [07/02/17 07/02/17 - 0.00017786026000976562 - 8]
f -> [07/02/17 07/02/17 - 0.00015401840209960938 - 9]
f -> [07/02/17 07/02/17 - 0.00015401840209960938 - 9]
f -> [07/02/17 07/02/17 - 0.00015401840209960938 - 9]
f -> [07/02/17 07/02/17 - 0.0001671314239501953 - 10]
f -> [07/02/17 07/02/17 - 0.0001671314239501953 - 10]
f -> [07/02/17 07/02/17 - 0.0001671314239501953 - 10]
f -> [07/02/17 07/02/17 - 0.000347137451171875 - 11]
f -> [07/02/17 07/02/17 - 0.000347137451171875 - 11]
f -> [07/02/17 07/02/17 - 0.000347137451171875 - 11]
f -> [07/02/17 07/02/17 - 0.00021791458129882812 - 12]
f -> [07/02/17 07/02/17 - 0.00021791458129882812 - 12]
f -> [07/02/17 07/02/17 - 0.00021791458129882812 - 12]
f -> [07/02/17 07/02/17 - 0.00018095970153808594 - 13]
f -> [07/02/17 07/02/17 - 0.00018095970153808594 - 13]
f -> [07/02/17 07/02/17 - 0.00018095970153808594 - 13]
f -> [07/02/17 07/02/17 - 0.00016808509826660156 - 14]
f -> [07/02/17 07/02/17 - 0.00016808509826660156 - 14]
f -> [07/02/17 07/02/17 - 0.00016808509826660156 - 14]
f -> [07/02/17 07/02/17 - 0.00041604042053222656 - 15]
f -> [07/02/17 07/02/17 - 0.00041604042053222656 - 15]
f -> [07/02/17 07/02/17 - 0.00041604042053222656 - 15]
g -> [07/02/17 07/02/17 - 0.0004220008850097656 - 6]
g -> [07/02/17 07/02/17 - 0.0004220008850097656 - 6]
g -> [07/02/17 07/02/17 - 0.0004220008850097656 - 6]
g -> [07/02/17 07/02/17 - 0.0001728534698486328 - 7]
g -> [07/02/17 07/02/17 - 0.0001728534698486328 - 7]
g -> [07/02/17 07/02/17 - 0.0001728534698486328 - 7]
g -> [07/02/17 07/02/17 - 0.0006561279296875 - 8]
g -> [07/02/17 07/02/17 - 0.0006561279296875 - 8]
g -> [07/02/17 07/02/17 - 0.0006561279296875 - 8]
g -> [07/02/17 07/02/17 - 0.0004391670227050781 - 9]
g -> [07/02/17 07/02/17 - 0.0004391670227050781 - 9]
g -> [07/02/17 07/02/17 - 0.0004391670227050781 - 9]
g -> [07/02/17 07/02/17 - 0.00016498565673828125 - 10]
g -> [07/02/17 07/02/17 - 0.00016498565673828125 - 10]
g -> [07/02/17 07/02/17 - 0.00016498565673828125 - 10]
f -> [07/02/17 07/02/17 - 0.00021195411682128906 - 16]
f -> [07/02/17 07/02/17 - 0.00021195411682128906 - 16]
f -> [07/02/17 07/02/17 - 0.00021195411682128906 - 16]
f -> [07/02/17 07/02/17 - 0.0001690387725830078 - 17]
f -> [07/02/17 07/02/17 - 0.0001690387725830078 - 17]
f -> [07/02/17 07/02/17 - 0.0001690387725830078 - 17]
g -> [07/02/17 07/02/17 - 0.00017690658569335938 - 11]
g -> [07/02/17 07/02/17 - 0.00017690658569335938 - 11]
g -> [07/02/17 07/02/17 - 0.00017690658569335938 - 11]
----------------------Start-----------------------
----------------------Start-----------------------
----------------------Start-----------------------
----------------------Start-----------------------
g -> [07/02/17 07/02/17 - 1]
g -> [07/02/17 07/02/17 - 1]
g -> [07/02/17 07/02/17 - 1]
g -> [07/02/17 07/02/17 - 1]
g -> [07/02/17 07/02/17 - 2]
g -> [07/02/17 07/02/17 - 2]
g -> [07/02/17 07/02/17 - 2]
g -> [07/02/17 07/02/17 - 2]
f -> [07/02/17 07/02/17 - 1]
f -> [07/02/17 07/02/17 - 1]
f -> [07/02/17 07/02/17 - 1]
f -> [07/02/17 07/02/17 - 1]
g -> [07/02/17 07/02/17 - 3]
g -> [07/02/17 07/02/17 - 3]
g -> [07/02/17 07/02/17 - 3]
g -> [07/02/17 07/02/17 - 3]
g -> [07/02/17 07/02/17 - 4]
g -> [07/02/17 07/02/17 - 4]
g -> [07/02/17 07/02/17 - 4]
g -> [07/02/17 07/02/17 - 4]
f -> [07/02/17 07/02/17 - 2]
f -> [07/02/17 07/02/17 - 2]
f -> [07/02/17 07/02/17 - 2]
f -> [07/02/17 07/02/17 - 2]
g -> [07/02/17 07/02/17 - 5]
g -> [07/02/17 07/02/17 - 5]
g -> [07/02/17 07/02/17 - 5]
g -> [07/02/17 07/02/17 - 5]
g -> [07/02/17 07/02/17 - 6]
g -> [07/02/17 07/02/17 - 6]
g -> [07/02/17 07/02/17 - 6]
g -> [07/02/17 07/02/17 - 6]
g -> [07/02/17 07/02/17 - 7]
g -> [07/02/17 07/02/17 - 7]
g -> [07/02/17 07/02/17 - 7]
g -> [07/02/17 07/02/17 - 7]
f -> [07/02/17 07/02/17 - 3]
f -> [07/02/17 07/02/17 - 3]
f -> [07/02/17 07/02/17 - 3]
f -> [07/02/17 07/02/17 - 3]
g -> [07/02/17 07/02/17 - 8]
g -> [07/02/17 07/02/17 - 8]
g -> [07/02/17 07/02/17 - 8]
g -> [07/02/17 07/02/17 - 8]
f -> [07/02/17 07/02/17 - 4]
f -> [07/02/17 07/02/17 - 4]
f -> [07/02/17 07/02/17 - 4]
f -> [07/02/17 07/02/17 - 4]
g -> [07/02/17 07/02/17 - 9]
g -> [07/02/17 07/02/17 - 9]
g -> [07/02/17 07/02/17 - 9]
g -> [07/02/17 07/02/17 - 9]
f -> [07/02/17 07/02/17 - 5]
f -> [07/02/17 07/02/17 - 5]
f -> [07/02/17 07/02/17 - 5]
f -> [07/02/17 07/02/17 - 5]
g -> [07/02/17 07/02/17 - 10]
g -> [07/02/17 07/02/17 - 10]
g -> [07/02/17 07/02/17 - 10]
g -> [07/02/17 07/02/17 - 10]
f -> [07/02/17 07/02/17 - 6]
f -> [07/02/17 07/02/17 - 6]
f -> [07/02/17 07/02/17 - 6]
f -> [07/02/17 07/02/17 - 6]
f -> [07/02/17 07/02/17 - 7]
f -> [07/02/17 07/02/17 - 7]
f -> [07/02/17 07/02/17 - 7]
f -> [07/02/17 07/02/17 - 7]
f -> [07/02/17 07/02/17 - 8]
f -> [07/02/17 07/02/17 - 8]
f -> [07/02/17 07/02/17 - 8]
f -> [07/02/17 07/02/17 - 8]
g -> [07/02/17 07/02/17 - 11]
g -> [07/02/17 07/02/17 - 11]
g -> [07/02/17 07/02/17 - 11]
g -> [07/02/17 07/02/17 - 11]
g -> [07/02/17 07/02/17 - 12]
g -> [07/02/17 07/02/17 - 12]
g -> [07/02/17 07/02/17 - 12]
g -> [07/02/17 07/02/17 - 12]
f -> [07/02/17 07/02/17 - 9]
f -> [07/02/17 07/02/17 - 9]
f -> [07/02/17 07/02/17 - 9]
f -> [07/02/17 07/02/17 - 9]
f -> [07/02/17 07/02/17 - 10]
f -> [07/02/17 07/02/17 - 10]
f -> [07/02/17 07/02/17 - 10]
f -> [07/02/17 07/02/17 - 10]
f -> [07/02/17 07/02/17 - 11]
f -> [07/02/17 07/02/17 - 11]
f -> [07/02/17 07/02/17 - 11]
f -> [07/02/17 07/02/17 - 11]
f -> [07/02/17 07/02/17 - 12]
f -> [07/02/17 07/02/17 - 12]
f -> [07/02/17 07/02/17 - 12]
f -> [07/02/17 07/02/17 - 12]
f -> [07/02/17 07/02/17 - 13]
f -> [07/02/17 07/02/17 - 13]
f -> [07/02/17 07/02/17 - 13]
f -> [07/02/17 07/02/17 - 13]
g -> [07/02/17 07/02/17 - 13]
g -> [07/02/17 07/02/17 - 13]
g -> [07/02/17 07/02/17 - 13]
g -> [07/02/17 07/02/17 - 13]
f -> [07/02/17 07/02/17 - 14]
f -> [07/02/17 07/02/17 - 14]
f -> [07/02/17 07/02/17 - 14]
f -> [07/02/17 07/02/17 - 14]
f -> [07/02/17 07/02/17 - 15]
f -> [07/02/17 07/02/17 - 15]
f -> [07/02/17 07/02/17 - 15]
f -> [07/02/17 07/02/17 - 15]
f -> [07/02/17 07/02/17 - 16]
f -> [07/02/17 07/02/17 - 16]
f -> [07/02/17 07/02/17 - 16]
f -> [07/02/17 07/02/17 - 16]
g -> [07/02/17 07/02/17 - 14]
g -> [07/02/17 07/02/17 - 14]
g -> [07/02/17 07/02/17 - 14]
g -> [07/02/17 07/02/17 - 14]
f -> [07/02/17 07/02/17 - 17]
f -> [07/02/17 07/02/17 - 17]
f -> [07/02/17 07/02/17 - 17]
f -> [07/02/17 07/02/17 - 17]
g -> [07/02/17 07/02/17 - 15]
g -> [07/02/17 07/02/17 - 15]
g -> [07/02/17 07/02/17 - 15]
g -> [07/02/17 07/02/17 - 15]
